c:\users\josipa\desktop\faks\8. semestar\trodimenzionalne simulacije\projective texturing\projective texturing\x64\debug\pch.pch
c:\users\josipa\desktop\faks\8. semestar\trodimenzionalne simulacije\projective texturing\projective texturing\x64\debug\vc120.pdb
c:\users\josipa\desktop\faks\8. semestar\trodimenzionalne simulacije\projective texturing\projective texturing\x64\debug\pch.obj
c:\users\josipa\desktop\faks\8. semestar\trodimenzionalne simulacije\projective texturing\projective texturing\x64\debug\program.obj
c:\users\josipa\desktop\faks\8. semestar\trodimenzionalne simulacije\projective texturing\projective texturing\x64\debug\renderer3d.obj
c:\users\josipa\desktop\faks\8. semestar\trodimenzionalne simulacije\projective texturing\projective texturing\x64\debug\projectionviewpoint.obj
c:\users\josipa\desktop\faks\8. semestar\trodimenzionalne simulacije\projective texturing\x64\debug\projective texturing\vertexshader.cso
c:\users\josipa\desktop\faks\8. semestar\trodimenzionalne simulacije\projective texturing\x64\debug\projective texturing\pixelshader.cso
c:\users\josipa\desktop\faks\8. semestar\trodimenzionalne simulacije\projective texturing\x64\debug\projective texturing\projective texturing.ilk
c:\users\josipa\desktop\faks\8. semestar\trodimenzionalne simulacije\projective texturing\x64\debug\projective texturing\projective texturing.exe
c:\users\josipa\desktop\faks\8. semestar\trodimenzionalne simulacije\projective texturing\x64\debug\projective texturing\projective texturing.pdb
c:\users\josipa\desktop\faks\8. semestar\trodimenzionalne simulacije\projective texturing\x64\debug\projective texturing\projective_texturing.winmd
c:\users\josipa\desktop\faks\8. semestar\trodimenzionalne simulacije\projective texturing\projective texturing\x64\debug\priconfig.xml
c:\users\josipa\desktop\faks\8. semestar\trodimenzionalne simulacije\projective texturing\projective texturing\x64\debug\priconfig.xml.intermediate
c:\users\josipa\desktop\faks\8. semestar\trodimenzionalne simulacije\projective texturing\projective texturing\x64\debug\layout.resfiles
c:\users\josipa\desktop\faks\8. semestar\trodimenzionalne simulacije\projective texturing\projective texturing\x64\debug\layout.resfiles.intermediate
c:\users\josipa\desktop\faks\8. semestar\trodimenzionalne simulacije\projective texturing\projective texturing\x64\debug\resources.resfiles
c:\users\josipa\desktop\faks\8. semestar\trodimenzionalne simulacije\projective texturing\projective texturing\x64\debug\resources.resfiles.intermediate
c:\users\josipa\desktop\faks\8. semestar\trodimenzionalne simulacije\projective texturing\projective texturing\x64\debug\pri.resfiles
c:\users\josipa\desktop\faks\8. semestar\trodimenzionalne simulacije\projective texturing\projective texturing\x64\debug\pri.resfiles.intermediate
c:\users\josipa\desktop\faks\8. semestar\trodimenzionalne simulacije\projective texturing\x64\debug\projective texturing\resources.pri
c:\users\josipa\desktop\faks\8. semestar\trodimenzionalne simulacije\projective texturing\projective texturing\x64\debug\qualifiers.txt
c:\users\josipa\desktop\faks\8. semestar\trodimenzionalne simulacije\projective texturing\projective texturing\x64\debug\qualifiers.txt.intermediate
c:\users\josipa\desktop\faks\8. semestar\trodimenzionalne simulacije\projective texturing\projective texturing\x64\debug\multiplequalifiersperdimensionfound.txt
c:\users\josipa\desktop\faks\8. semestar\trodimenzionalne simulacije\projective texturing\projective texturing\x64\debug\projectarchitectures.txt
c:\users\josipa\desktop\faks\8. semestar\trodimenzionalne simulacije\projective texturing\x64\debug\projective texturing\appxmanifest.xml
c:\users\josipa\desktop\faks\8. semestar\trodimenzionalne simulacije\projective texturing\x64\debug\projective texturing\projective texturing.build.appxrecipe
c:\users\josipa\desktop\faks\8. semestar\trodimenzionalne simulacije\projective texturing\projective texturing\x64\debug\projective texturing.vcxprojresolveassemblyreference.cache
c:\users\josipa\desktop\faks\8. semestar\trodimenzionalne simulacije\projective texturing\projective texturing\x64\debug\projective texturing.res
c:\users\josipa\desktop\faks\8. semestar\trodimenzionalne simulacije\projective texturing\projective texturing\x64\debug\projecti.d17cf2e7.tlog\cl.command.1.tlog
c:\users\josipa\desktop\faks\8. semestar\trodimenzionalne simulacije\projective texturing\projective texturing\x64\debug\projecti.d17cf2e7.tlog\cl.read.1.tlog
c:\users\josipa\desktop\faks\8. semestar\trodimenzionalne simulacije\projective texturing\projective texturing\x64\debug\projecti.d17cf2e7.tlog\cl.write.1.tlog
c:\users\josipa\desktop\faks\8. semestar\trodimenzionalne simulacije\projective texturing\projective texturing\x64\debug\projecti.d17cf2e7.tlog\fxc.command.1.tlog
c:\users\josipa\desktop\faks\8. semestar\trodimenzionalne simulacije\projective texturing\projective texturing\x64\debug\projecti.d17cf2e7.tlog\fxc.read.1.tlog
c:\users\josipa\desktop\faks\8. semestar\trodimenzionalne simulacije\projective texturing\projective texturing\x64\debug\projecti.d17cf2e7.tlog\fxc.write.1.tlog
c:\users\josipa\desktop\faks\8. semestar\trodimenzionalne simulacije\projective texturing\projective texturing\x64\debug\projecti.d17cf2e7.tlog\link.command.1.tlog
c:\users\josipa\desktop\faks\8. semestar\trodimenzionalne simulacije\projective texturing\projective texturing\x64\debug\projecti.d17cf2e7.tlog\link.read.1.tlog
c:\users\josipa\desktop\faks\8. semestar\trodimenzionalne simulacije\projective texturing\projective texturing\x64\debug\projecti.d17cf2e7.tlog\link.write.1.tlog
c:\users\josipa\desktop\faks\8. semestar\trodimenzionalne simulacije\projective texturing\projective texturing\x64\debug\projecti.d17cf2e7.tlog\projective texturing.read.1u.tlog
c:\users\josipa\desktop\faks\8. semestar\trodimenzionalne simulacije\projective texturing\projective texturing\x64\debug\projecti.d17cf2e7.tlog\projective texturing.write.1u.tlog
c:\users\josipa\desktop\faks\8. semestar\trodimenzionalne simulacije\projective texturing\projective texturing\x64\debug\projecti.d17cf2e7.tlog\rc.command.1.tlog
c:\users\josipa\desktop\faks\8. semestar\trodimenzionalne simulacije\projective texturing\projective texturing\x64\debug\projecti.d17cf2e7.tlog\rc.read.1.tlog
c:\users\josipa\desktop\faks\8. semestar\trodimenzionalne simulacije\projective texturing\projective texturing\x64\debug\projecti.d17cf2e7.tlog\rc.write.1.tlog
